<?xml version="1.0" encoding="UTF-8"?>
<!-- Generated by org.testng.reporters.JUnitReportReporter -->
<testsuite hostname="SIDT0020009EF" failures="0" tests="1" name="testCases.TC_01_LoginTest" time="0.517" errors="0" timestamp="2025-03-15T11:29:15 IST" skipped="0">
  <testcase classname="testCases.TC_01_LoginTest" name="login" time="0.517"/>
</testsuite> <!-- testCases.TC_01_LoginTest -->
