<?xml version="1.0" encoding="UTF-8"?>
<!-- Generated by org.testng.reporters.JUnitReportReporter -->
<testsuite hostname="SIDT0020009EF" failures="0" tests="1" name="testCases.TC_01_LoginTest" time="0.555" errors="0" timestamp="2025-03-11T09:26:09 IST" skipped="0">
  <testcase classname="testCases.TC_01_LoginTest" name="login" time="0.555"/>
</testsuite> <!-- testCases.TC_01_LoginTest -->
