<?xml version="1.0" encoding="UTF-8"?>
<!-- Generated by org.testng.reporters.JUnitReportReporter -->
<testsuite hostname="SIDT0020009EF" failures="0" tests="1" name="testCases.TC_02_SearchTest" time="2.176" errors="0" timestamp="2025-03-10T19:08:04 IST" skipped="0">
  <testcase classname="testCases.TC_02_SearchTest" name="search" time="2.176"/>
</testsuite> <!-- testCases.TC_02_SearchTest -->
